c:\users\lcv2112650\desktop\springengine\springengine\framework\physics\x64\debug\physics.pch
c:\users\lcv2112650\desktop\springengine\springengine\x64\debug\physics.pdb
c:\users\lcv2112650\desktop\springengine\springengine\x64\debug\physics.idb
c:\users\lcv2112650\desktop\springengine\springengine\framework\physics\x64\debug\precompiled.obj
c:\users\lcv2112650\desktop\springengine\springengine\framework\physics\x64\debug\softbody.obj
c:\users\lcv2112650\desktop\springengine\springengine\framework\physics\x64\debug\rigidbody.obj
c:\users\lcv2112650\desktop\springengine\springengine\framework\physics\x64\debug\physicsworld.obj
c:\users\lcv2112650\desktop\springengine\springengine\framework\physics\x64\debug\physicsdebugdraw.obj
c:\users\lcv2112650\desktop\springengine\springengine\framework\physics\x64\debug\collisionshape.obj
c:\users\lcv2112650\desktop\springengine\springengine\x64\debug\physics.lib
c:\users\lcv2112650\documents\github\vgp336\framework\physics\x64\debug\collisionshape.obj
c:\users\lcv2112650\documents\github\vgp336\framework\physics\x64\debug\physicsdebugdraw.obj
c:\users\lcv2112650\documents\github\vgp336\framework\physics\x64\debug\physicsworld.obj
c:\users\lcv2112650\documents\github\vgp336\framework\physics\x64\debug\precompiled.obj
c:\users\lcv2112650\documents\github\vgp336\framework\physics\x64\debug\rigidbody.obj
c:\users\lcv2112650\documents\github\vgp336\framework\physics\x64\debug\softbody.obj
c:\users\lcv2112650\documents\github\vgp336\framework\physics\x64\debug\physics.pch
c:\users\lcv2112650\documents\github\vgp336\framework\physics\x64\debug\physics.tlog\cl.command.1.tlog
c:\users\lcv2112650\documents\github\vgp336\framework\physics\x64\debug\physics.tlog\cl.items.tlog
c:\users\lcv2112650\documents\github\vgp336\framework\physics\x64\debug\physics.tlog\cl.read.1.tlog
c:\users\lcv2112650\documents\github\vgp336\framework\physics\x64\debug\physics.tlog\cl.write.1.tlog
c:\users\lcv2112650\documents\github\vgp336\framework\physics\x64\debug\physics.tlog\lib-link.read.1.tlog
c:\users\lcv2112650\documents\github\vgp336\framework\physics\x64\debug\physics.tlog\lib-link.write.1.tlog
c:\users\lcv2112650\documents\github\vgp336\framework\physics\x64\debug\physics.tlog\lib.command.1.tlog
