c:\users\lcv2112650\desktop\vgp336\engine\springengine\x64\debug\springengine.pch
c:\users\lcv2112650\desktop\vgp336\x64\debug\springengine.pdb
c:\users\lcv2112650\desktop\vgp336\x64\debug\springengine.idb
c:\users\lcv2112650\desktop\vgp336\engine\springengine\x64\debug\precompiled.obj
c:\users\lcv2112650\desktop\vgp336\engine\springengine\x64\debug\updateservice.obj
c:\users\lcv2112650\desktop\vgp336\engine\springengine\x64\debug\transformcomponent.obj
c:\users\lcv2112650\desktop\vgp336\engine\springengine\x64\debug\springengine.obj
c:\users\lcv2112650\desktop\vgp336\engine\springengine\x64\debug\renderservice.obj
c:\users\lcv2112650\desktop\vgp336\engine\springengine\x64\debug\renderobjectcomponent.obj
c:\users\lcv2112650\desktop\vgp336\engine\springengine\x64\debug\particlesystem.obj
c:\users\lcv2112650\desktop\vgp336\engine\springengine\x64\debug\particle.obj
c:\users\lcv2112650\desktop\vgp336\engine\springengine\x64\debug\modelcomponent.obj
c:\users\lcv2112650\desktop\vgp336\engine\springengine\x64\debug\meshcomponent.obj
c:\users\lcv2112650\desktop\vgp336\engine\springengine\x64\debug\gameworld.obj
c:\users\lcv2112650\desktop\vgp336\engine\springengine\x64\debug\gameobjectfactory.obj
c:\users\lcv2112650\desktop\vgp336\engine\springengine\x64\debug\gameobject.obj
c:\users\lcv2112650\desktop\vgp336\engine\springengine\x64\debug\fpscameracomponent.obj
c:\users\lcv2112650\desktop\vgp336\engine\springengine\x64\debug\fireworkparticlesystem.obj
c:\users\lcv2112650\desktop\vgp336\engine\springengine\x64\debug\eventmanager.obj
c:\users\lcv2112650\desktop\vgp336\engine\springengine\x64\debug\cameraservice.obj
c:\users\lcv2112650\desktop\vgp336\engine\springengine\x64\debug\cameracomponent.obj
c:\users\lcv2112650\desktop\vgp336\engine\springengine\x64\debug\app.obj
c:\users\lcv2112650\desktop\vgp336\engine\springengine\x64\debug\animatorcomponent.obj
c:\users\lcv2112650\desktop\vgp336\x64\debug\springengine.lib
c:\users\lcv2112650\desktop\vgp336\engine\springengine\x64\debug\springengine.tlog\cl.command.1.tlog
c:\users\lcv2112650\desktop\vgp336\engine\springengine\x64\debug\springengine.tlog\cl.items.tlog
c:\users\lcv2112650\desktop\vgp336\engine\springengine\x64\debug\springengine.tlog\cl.read.1.tlog
c:\users\lcv2112650\desktop\vgp336\engine\springengine\x64\debug\springengine.tlog\cl.write.1.tlog
c:\users\lcv2112650\desktop\vgp336\engine\springengine\x64\debug\springengine.tlog\lib-link.read.1.tlog
c:\users\lcv2112650\desktop\vgp336\engine\springengine\x64\debug\springengine.tlog\lib-link.write.1.tlog
c:\users\lcv2112650\desktop\vgp336\engine\springengine\x64\debug\springengine.tlog\lib.command.1.tlog
